Start testing: Apr 01 00:51 MSK
----------------------------------------------------------
1/1 Testing: check
1/1 Test: check
Command: "/Users/yaroslav/Desktop/Proga/Acronis/labs/yaropro14/workspace/projects/lab05/_build/check"
Directory: /Users/yaroslav/Desktop/Proga/Acronis/labs/yaropro14/workspace/projects/lab05/_build
"check" start time: Apr 01 00:51 MSK
Output:
----------------------------------------------------------
Running main() from /Users/yaroslav/Desktop/Proga/Acronis/labs/yaropro14/workspace/projects/lab05/third-party/gtest/googletest/src/gtest_main.cc
[==========] Running 1 test from 1 test case.
[----------] Global test environment set-up.
[----------] 1 test from Print
[ RUN      ] Print.InFileStream
[       OK ] Print.InFileStream (2 ms)
[----------] 1 test from Print (2 ms total)

[----------] Global test environment tear-down
[==========] 1 test from 1 test case ran. (2 ms total)
[  PASSED  ] 1 test.
<end of output>
Test time =   0.01 sec
----------------------------------------------------------
Test Passed.
"check" end time: Apr 01 00:51 MSK
"check" time elapsed: 00:00:00
----------------------------------------------------------

End testing: Apr 01 00:51 MSK
